#
# A fatal error has been detected by the Java Runtime Environment:
#
#  EXCEPTION_ACCESS_VIOLATION (0xc0000005) at pc=0x00007ff9a04c24cd, pid=11556, tid=0x00000000000008c4
#
# JRE version: Java(TM) SE Runtime Environment (8.0_151-b12) (build 1.8.0_151-b12)
# Java VM: Java HotSpot(TM) 64-Bit Server VM (25.151-b12 mixed mode windows-amd64 compressed oops)
# Problematic frame:
# C  [lwjgl.dll+0x124cd]
#
# Failed to write core dump. Minidumps are not enabled by default on client versions of Windows
#
# If you would like to submit a bug report, please visit:
#   http://bugreport.java.com/bugreport/crash.jsp
# The crash happened outside the Java Virtual Machine in native code.
# See problematic frame for where to report the bug.
#

---------------  T H R E A D  ---------------

Current thread (0x0000000018fe7000):  JavaThread "Test Application Renderer" [_thread_in_native, id=2244, stack(0x000000001f460000,0x000000001f560000)]

siginfo: ExceptionCode=0xc0000005, reading address 0x0000000000000000

Registers:
RAX=0x00000000000000a5, RBX=0x0000000016cbe328, RCX=0x00000000ffffffff, RDX=0x00007ff9a05011b0
RSP=0x000000001f55f180, RBP=0x000000001f55f230, RSI=0x00000000190dcafc, RDI=0x000000010004d890
R8 =0x000000000000000a, R9 =0x0000000000000002, R10=0x00000000005e2340, R11=0x000000001f55f070
R12=0x0000000000000000, R13=0x0000000016cbe328, R14=0x000000001f55f260, R15=0x0000000018fe7000
RIP=0x00007ff9a04c24cd, EFLAGS=0x0000000000010206

Top of Stack: (sp=0x000000001f55f180)
0x000000001f55f180:   0000000018fe9100 00007ff9a04e9420
0x000000001f55f190:   0000000000000001 00000000190dcafc
0x000000001f55f1a0:   00000000190dcafc 0000000004897f74
0x000000001f55f1b0:   000000010004d890 0000000004897cdd
0x000000001f55f1c0:   0000000018fe7000 0000000016cbe328
0x000000001f55f1d0:   00000000190dcafc 0000000018fe7000
0x000000001f55f1e0:   000000001f55f2d8 0000000004897ca2
0x000000001f55f1f0:   000000001f55f1f0 0000000016cbe328
0x000000001f55f200:   000000001f55f260 0000000016ccadd8
0x000000001f55f210:   0000000000000000 0000000016cbe328
0x000000001f55f220:   0000000000000000 000000001f55f250
0x000000001f55f230:   000000001f55f2a8 000000000488835d
0x000000001f55f240:   00000000ebee1820 00000000048919d8
0x000000001f55f250:   00000000190dcafc 00000000ebee18f0
0x000000001f55f260:   0000000000000001 000000001f55f268
0x000000001f55f270:   0000000016cbe47c 000000001f55f2d8 

Instructions: (pc=0x00007ff9a04c24cd)
0x00007ff9a04c24ad:   cc cc cc 48 83 ec 28 b9 02 00 00 00 e8 fe 46 00
0x00007ff9a04c24bd:   00 48 8b c8 48 8d 15 58 6f 02 00 e8 43 eb fe ff
0x00007ff9a04c24cd:   8b 04 25 00 00 00 00 48 83 c4 28 c3 cc cc cc cc
0x00007ff9a04c24dd:   cc cc cc 48 8b 01 c3 cc cc cc cc cc cc cc cc cc 


Register to memory mapping:

RAX=0x00000000000000a5 is an unknown value
RBX={method} {0x0000000016cbe330} 'nglCreateVertexArrays' '(IJ)V' in 'org/lwjgl/opengl/GL45'
RCX=0x00000000ffffffff is an unallocated location in the heap
RDX=0x00007ff9a05011b0 is an unknown value
RSP=0x000000001f55f180 is pointing into the stack for thread: 0x0000000018fe7000
RBP=0x000000001f55f230 is pointing into the stack for thread: 0x0000000018fe7000
RSI=0x00000000190dcafc is an unknown value
RDI=0x000000010004d890 is pointing into metadata
R8 =0x000000000000000a is an unknown value
R9 =0x0000000000000002 is an unknown value
R10=0x00000000005e2340 is an unknown value
R11=0x000000001f55f070 is pointing into the stack for thread: 0x0000000018fe7000
R12=0x0000000000000000 is an unknown value
R13={method} {0x0000000016cbe330} 'nglCreateVertexArrays' '(IJ)V' in 'org/lwjgl/opengl/GL45'
R14=0x000000001f55f260 is pointing into the stack for thread: 0x0000000018fe7000
R15=0x0000000018fe7000 is a thread


Stack: [0x000000001f460000,0x000000001f560000],  sp=0x000000001f55f180,  free space=1020k
Native frames: (J=compiled Java code, j=interpreted, Vv=VM code, C=native code)
C  [lwjgl.dll+0x124cd]
C  0x0000000004897f74

Java frames: (J=compiled Java code, j=interpreted, Vv=VM code)
j  org.lwjgl.opengl.GL45.nglCreateVertexArrays(IJ)V+0
j  org.lwjgl.opengl.GL45.glCreateVertexArrays()I+20
j  test.TestApplication.setup()V+7
j  universe.core.Node.execSetup()V+26
j  universe.desktop.GlfwDisplay.renderLoop()V+15
j  universe.desktop.GlfwDisplay.access$2(Luniverse/desktop/GlfwDisplay;)V+1
j  universe.desktop.GlfwDisplay$1.run()V+4
j  java.lang.Thread.run()V+11
v  ~StubRoutines::call_stub

---------------  P R O C E S S  ---------------

Java Threads: ( => current thread )
=>0x0000000018fe7000 JavaThread "Test Application Renderer" [_thread_in_native, id=2244, stack(0x000000001f460000,0x000000001f560000)]
  0x00000000045de800 JavaThread "DestroyJavaVM" [_thread_blocked, id=1568, stack(0x0000000004680000,0x0000000004780000)]
  0x0000000018fcf800 JavaThread "Test Application" [_thread_in_native, id=6288, stack(0x000000001a730000,0x000000001a830000)]
  0x0000000018818800 JavaThread "Service Thread" daemon [_thread_blocked, id=2564, stack(0x0000000018be0000,0x0000000018ce0000)]
  0x0000000016eab000 JavaThread "C1 CompilerThread2" daemon [_thread_blocked, id=5904, stack(0x00000000186e0000,0x00000000187e0000)]
  0x0000000016ea8000 JavaThread "C2 CompilerThread1" daemon [_thread_blocked, id=9736, stack(0x00000000185e0000,0x00000000186e0000)]
  0x0000000016ea0800 JavaThread "C2 CompilerThread0" daemon [_thread_blocked, id=11060, stack(0x00000000184e0000,0x00000000185e0000)]
  0x0000000016e9f800 JavaThread "Attach Listener" daemon [_thread_blocked, id=6168, stack(0x00000000183e0000,0x00000000184e0000)]
  0x0000000016e9c800 JavaThread "Signal Dispatcher" daemon [_thread_blocked, id=1180, stack(0x00000000182e0000,0x00000000183e0000)]
  0x0000000016e8a800 JavaThread "Finalizer" daemon [_thread_blocked, id=7196, stack(0x00000000180f0000,0x00000000181f0000)]
  0x0000000004871800 JavaThread "Reference Handler" daemon [_thread_blocked, id=7744, stack(0x0000000017ff0000,0x00000000180f0000)]

Other Threads:
  0x0000000016e68000 VMThread [stack: 0x0000000017ef0000,0x0000000017ff0000] [id=7120]
  0x0000000016efe800 WatcherThread [stack: 0x0000000018e20000,0x0000000018f20000] [id=5876]

VM state:not at safepoint (normal execution)

VM Mutex/Monitor currently owned by a thread: None

Heap:
 PSYoungGen      total 18944K, used 14480K [0x00000000eb100000, 0x00000000ec600000, 0x0000000100000000)
  eden space 16384K, 88% used [0x00000000eb100000,0x00000000ebf242b8,0x00000000ec100000)
  from space 2560K, 0% used [0x00000000ec380000,0x00000000ec380000,0x00000000ec600000)
  to   space 2560K, 0% used [0x00000000ec100000,0x00000000ec100000,0x00000000ec380000)
 ParOldGen       total 44032K, used 0K [0x00000000c1200000, 0x00000000c3d00000, 0x00000000eb100000)
  object space 44032K, 0% used [0x00000000c1200000,0x00000000c1200000,0x00000000c3d00000)
 Metaspace       used 8627K, capacity 8921K, committed 9216K, reserved 1056768K
  class space    used 819K, capacity 920K, committed 1024K, reserved 1048576K

Card table byte_map: [0x0000000013c40000,0x0000000013e40000] byte_map_base: 0x0000000013637000

Marking Bits: (ParMarkBitMap*) 0x00000000721bd850
 Begin Bits: [0x0000000014390000, 0x0000000015348000)
 End Bits:   [0x0000000015348000, 0x0000000016300000)

Polling page: 0x0000000002c70000

CodeCache: size=245760Kb used=2793Kb max_used=2793Kb free=242966Kb
 bounds [0x0000000004880000, 0x0000000004b40000, 0x0000000013880000]
 total_blobs=1433 nmethods=633 adapters=713
 compilation: enabled

Compilation events (10 events):
Event: 1.002 Thread 0x0000000016eab000  631       3       sun.invoke.util.Wrapper::findPrimitiveType (25 bytes)
Event: 1.003 Thread 0x0000000016eab000 nmethod 631 0x0000000004b35550 code [0x0000000004b35740, 0x0000000004b36028]
Event: 1.003 Thread 0x0000000016eab000  628       3       sun.invoke.util.Wrapper::forPrimitiveType (49 bytes)
Event: 1.004 Thread 0x0000000016eab000 nmethod 628 0x0000000004b36590 code [0x0000000004b36820, 0x0000000004b37978]
Event: 1.004 Thread 0x0000000016eab000  630       3       java.lang.invoke.MethodType::<init> (40 bytes)
Event: 1.005 Thread 0x0000000016eab000 nmethod 630 0x0000000004b38210 code [0x0000000004b383c0, 0x0000000004b38a28]
Event: 1.005 Thread 0x0000000016eab000  632       3       java.security.CodeSource::equals (60 bytes)
Event: 1.005 Thread 0x0000000016eab000 nmethod 632 0x0000000004b38cd0 code [0x0000000004b38e80, 0x0000000004b39658]
Event: 1.006 Thread 0x0000000016eab000  633       3       java.net.URLStreamHandler::sameFile (136 bytes)
Event: 1.006 Thread 0x0000000016eab000 nmethod 633 0x0000000004b39810 code [0x0000000004b399e0, 0x0000000004b3aa28]

GC Heap History (0 events):
No events

Deoptimization events (0 events):
No events

Internal exceptions (10 events):
Event: 0.107 Thread 0x00000000045de800 Exception <a 'java/io/FileNotFoundException'> (0x00000000eb177c18) thrown at [C:\re\workspace\8-2-build-windows-amd64-cygwin\jdk8u151\9699\hotspot\src\share\vm\prims\jni.cpp, line 709]
Event: 0.207 Thread 0x00000000045de800 Exception <a 'java/lang/NoSuchMethodError': java.lang.Object.lambda$static$0(Ljava/lang/String;)Ljava/lang/Boolean;> (0x00000000eb349210) thrown at [C:\re\workspace\8-2-build-windows-amd64-cygwin\jdk8u151\9699\hotspot\src\share\vm\interpreter\linkResolver
Event: 0.226 Thread 0x00000000045de800 Exception <a 'java/lang/NoSuchFieldError': method resolution failed> (0x00000000eb3c0f78) thrown at [C:\re\workspace\8-2-build-windows-amd64-cygwin\jdk8u151\9699\hotspot\src\share\vm\prims\methodHandles.cpp, line 1146]
Event: 0.228 Thread 0x00000000045de800 Exception <a 'java/lang/NoSuchFieldError': method resolution failed> (0x00000000eb3ce348) thrown at [C:\re\workspace\8-2-build-windows-amd64-cygwin\jdk8u151\9699\hotspot\src\share\vm\prims\methodHandles.cpp, line 1146]
Event: 0.301 Thread 0x00000000045de800 Exception <a 'java/security/PrivilegedActionException'> (0x00000000eb534fd8) thrown at [C:\re\workspace\8-2-build-windows-amd64-cygwin\jdk8u151\9699\hotspot\src\share\vm\prims\jvm.cpp, line 1390]
Event: 0.301 Thread 0x00000000045de800 Exception <a 'java/security/PrivilegedActionException'> (0x00000000eb5351e8) thrown at [C:\re\workspace\8-2-build-windows-amd64-cygwin\jdk8u151\9699\hotspot\src\share\vm\prims\jvm.cpp, line 1390]
Event: 0.302 Thread 0x00000000045de800 Exception <a 'java/security/PrivilegedActionException'> (0x00000000eb538e58) thrown at [C:\re\workspace\8-2-build-windows-amd64-cygwin\jdk8u151\9699\hotspot\src\share\vm\prims\jvm.cpp, line 1390]
Event: 0.302 Thread 0x00000000045de800 Exception <a 'java/security/PrivilegedActionException'> (0x00000000eb539068) thrown at [C:\re\workspace\8-2-build-windows-amd64-cygwin\jdk8u151\9699\hotspot\src\share\vm\prims\jvm.cpp, line 1390]
Event: 0.647 Thread 0x0000000018fe7000 Exception <a 'sun/nio/fs/WindowsException'> (0x00000000eb856508) thrown at [C:\re\workspace\8-2-build-windows-amd64-cygwin\jdk8u151\9699\hotspot\src\share\vm\prims\jni.cpp, line 709]
Event: 0.647 Thread 0x0000000018fe7000 Exception <a 'sun/nio/fs/WindowsException'> (0x00000000eb856cf0) thrown at [C:\re\workspace\8-2-build-windows-amd64-cygwin\jdk8u151\9699\hotspot\src\share\vm\prims\jni.cpp, line 709]

Events (10 events):
Event: 1.000 loading class org/lwjgl/opengl/GLDebugMessageARBCallback
Event: 1.000 loading class org/lwjgl/opengl/GLDebugMessageARBCallback done
Event: 1.000 loading class org/lwjgl/opengl/GLDebugMessageAMDCallbackI
Event: 1.000 loading class org/lwjgl/opengl/GLDebugMessageAMDCallbackI done
Event: 1.001 loading class org/lwjgl/opengl/GLDebugMessageAMDCallback
Event: 1.001 loading class org/lwjgl/opengl/GLDebugMessageAMDCallback done
Event: 1.003 loading class org/lwjgl/opengl/GLDebugMessageCallback$Container
Event: 1.003 loading class org/lwjgl/opengl/GLDebugMessageCallback$Container done
Event: 1.004 loading class org/lwjgl/opengl/GL45
Event: 1.004 loading class org/lwjgl/opengl/GL45 done


Dynamic libraries:
0x00007ff717d00000 - 0x00007ff717d37000 	C:\Program Files\Java\jre1.8.0_151\bin\javaw.exe
0x00007ff9aa4a0000 - 0x00007ff9aa680000 	C:\WINDOWS\SYSTEM32\ntdll.dll
0x00007ff9a9da0000 - 0x00007ff9a9e4e000 	C:\WINDOWS\System32\KERNEL32.DLL
0x00007ff9a7700000 - 0x00007ff9a7966000 	C:\WINDOWS\System32\KERNELBASE.dll
0x00007ff9a92b0000 - 0x00007ff9a9351000 	C:\WINDOWS\System32\ADVAPI32.dll
0x00007ff9aa3d0000 - 0x00007ff9aa46d000 	C:\WINDOWS\System32\msvcrt.dll
0x00007ff9aa300000 - 0x00007ff9aa35b000 	C:\WINDOWS\System32\sechost.dll
0x00007ff9a9ac0000 - 0x00007ff9a9bdf000 	C:\WINDOWS\System32\RPCRT4.dll
0x00007ff9a97b0000 - 0x00007ff9a993f000 	C:\WINDOWS\System32\USER32.dll
0x00007ff9a68f0000 - 0x00007ff9a6910000 	C:\WINDOWS\System32\win32u.dll
0x00007ff9aa2c0000 - 0x00007ff9aa2e8000 	C:\WINDOWS\System32\GDI32.dll
0x00007ff9a6a10000 - 0x00007ff9a6ba3000 	C:\WINDOWS\System32\gdi32full.dll
0x00007ff9a6c90000 - 0x00007ff9a6d2b000 	C:\WINDOWS\System32\msvcp_win.dll
0x00007ff9a6910000 - 0x00007ff9a6a06000 	C:\WINDOWS\System32\ucrtbase.dll
0x00007ff992080000 - 0x00007ff9922e9000 	C:\WINDOWS\WinSxS\amd64_microsoft.windows.common-controls_6595b64144ccf1df_6.0.16299.125_none_15cbcf8893620c09\COMCTL32.dll
0x00007ff9a79f0000 - 0x00007ff9a7cf8000 	C:\WINDOWS\System32\combase.dll
0x00007ff9a6c10000 - 0x00007ff9a6c82000 	C:\WINDOWS\System32\bcryptPrimitives.dll
0x00007ff9aa270000 - 0x00007ff9aa29d000 	C:\WINDOWS\System32\IMM32.DLL
0x00000000716f0000 - 0x00000000717c2000 	C:\Program Files\Java\jre1.8.0_151\bin\msvcr100.dll
0x00000000719a0000 - 0x000000007223d000 	C:\Program Files\Java\jre1.8.0_151\bin\server\jvm.dll
0x00007ff9a9940000 - 0x00007ff9a9948000 	C:\WINDOWS\System32\PSAPI.DLL
0x00007ff9a01a0000 - 0x00007ff9a01a9000 	C:\WINDOWS\SYSTEM32\WSOCK32.dll
0x00007ff9aa360000 - 0x00007ff9aa3cc000 	C:\WINDOWS\System32\WS2_32.dll
0x00007ff99bf60000 - 0x00007ff99bf83000 	C:\WINDOWS\SYSTEM32\WINMM.dll
0x00007ff9929e0000 - 0x00007ff9929ea000 	C:\WINDOWS\SYSTEM32\VERSION.dll
0x00007ff99bf00000 - 0x00007ff99bf2a000 	C:\WINDOWS\SYSTEM32\WINMMBASE.dll
0x00007ff9a68a0000 - 0x00007ff9a68ea000 	C:\WINDOWS\System32\cfgmgr32.dll
0x00000000718b0000 - 0x00000000718bf000 	C:\Program Files\Java\jre1.8.0_151\bin\verify.dll
0x0000000071880000 - 0x00000000718a9000 	C:\Program Files\Java\jre1.8.0_151\bin\java.dll
0x0000000071860000 - 0x0000000071876000 	C:\Program Files\Java\jre1.8.0_151\bin\zip.dll
0x00007ff9a7d00000 - 0x00007ff9a9136000 	C:\WINDOWS\System32\SHELL32.dll
0x00007ff9a9e50000 - 0x00007ff9a9ef6000 	C:\WINDOWS\System32\shcore.dll
0x00007ff9a6de0000 - 0x00007ff9a7527000 	C:\WINDOWS\System32\windows.storage.dll
0x00007ff9aa100000 - 0x00007ff9aa151000 	C:\WINDOWS\System32\shlwapi.dll
0x00007ff9a6880000 - 0x00007ff9a6891000 	C:\WINDOWS\System32\kernel.appcore.dll
0x00007ff9a6810000 - 0x00007ff9a685c000 	C:\WINDOWS\System32\powrprof.dll
0x00007ff9a67f0000 - 0x00007ff9a680b000 	C:\WINDOWS\System32\profapi.dll
0x0000000071840000 - 0x000000007185a000 	C:\Program Files\Java\jre1.8.0_151\bin\net.dll
0x00007ff9a6080000 - 0x00007ff9a60e6000 	C:\WINDOWS\system32\mswsock.dll
0x0000000071820000 - 0x0000000071831000 	C:\Program Files\Java\jre1.8.0_151\bin\nio.dll
0x00007ff9a04b0000 - 0x00007ff9a0507000 	C:\Users\alema\AppData\Local\Temp\lwjglalema\3.1.2-build-29\lwjgl.dll
0x00007ff9a0470000 - 0x00007ff9a04ad000 	C:\Users\alema\AppData\Local\Temp\lwjglalema\3.1.2-build-29\glfw.dll
0x00007ff9a4df0000 - 0x00007ff9a4e85000 	C:\WINDOWS\system32\uxtheme.dll
0x00007ff99ff40000 - 0x00007ff99ff83000 	C:\WINDOWS\SYSTEM32\dinput8.dll
0x00007ff9a3170000 - 0x00007ff9a3180000 	C:\WINDOWS\SYSTEM32\xinput1_4.dll
0x00007ff9a6600000 - 0x00007ff9a6627000 	C:\WINDOWS\SYSTEM32\DEVOBJ.dll
0x00007ff9a5060000 - 0x00007ff9a508a000 	C:\WINDOWS\SYSTEM32\dwmapi.dll
0x00007ff999690000 - 0x00007ff9996be000 	C:\WINDOWS\SYSTEM32\inputhost.dll
0x00007ff99b450000 - 0x00007ff99b73e000 	C:\WINDOWS\SYSTEM32\CoreUIComponents.dll
0x00007ff9a4090000 - 0x00007ff9a416d000 	C:\WINDOWS\SYSTEM32\CoreMessaging.dll
0x00007ff9a5a40000 - 0x00007ff9a5a71000 	C:\WINDOWS\SYSTEM32\ntmarta.dll
0x00007ff9a3270000 - 0x00007ff9a33a6000 	C:\WINDOWS\SYSTEM32\wintypes.dll
0x00007ff9a9950000 - 0x00007ff9a9ab7000 	C:\WINDOWS\System32\MSCTF.dll
0x00007ff9a91e0000 - 0x00007ff9a92a5000 	C:\WINDOWS\System32\OLEAUT32.dll
0x00007ff981c30000 - 0x00007ff981cd9000 	C:\Program Files\Common Files\microsoft shared\ink\tiptsf.dll
0x00007ff9a55b0000 - 0x00007ff9a55bc000 	C:\WINDOWS\SYSTEM32\HID.DLL
0x00007ff9a9360000 - 0x00007ff9a97ae000 	C:\WINDOWS\System32\SETUPAPI.DLL
0x00007ff9a6bb0000 - 0x00007ff9a6c08000 	C:\WINDOWS\System32\WINTRUST.dll
0x00007ff9a6860000 - 0x00007ff9a6872000 	C:\WINDOWS\System32\MSASN1.dll
0x00007ff9a7530000 - 0x00007ff9a76fe000 	C:\WINDOWS\System32\CRYPT32.dll
0x00007ff97d960000 - 0x00007ff97da7e000 	C:\WINDOWS\SYSTEM32\opengl32.dll
0x00007ff9a0c90000 - 0x00007ff9a0cbc000 	C:\WINDOWS\SYSTEM32\GLU32.dll
0x00007ff95dd50000 - 0x00007ff95eaaf000 	C:\WINDOWS\System32\DriverStore\FileRepository\atgh4627.inf_amd64_1a9e52b1bbedf409\ig9icd64.dll
0x00007ff9a24c0000 - 0x00007ff9a24d3000 	C:\WINDOWS\SYSTEM32\WTSAPI32.dll
0x00007ff9962d0000 - 0x00007ff99742e000 	C:\WINDOWS\System32\DriverStore\FileRepository\atgh4627.inf_amd64_1a9e52b1bbedf409\igc64.dll
0x00007ff9a5660000 - 0x00007ff9a570f000 	C:\WINDOWS\SYSTEM32\dxgi.dll
0x00007ff9a3970000 - 0x00007ff9a3c51000 	C:\WINDOWS\SYSTEM32\d3d11.dll
0x00007ff9975d0000 - 0x00007ff998d15000 	C:\WINDOWS\System32\DriverStore\FileRepository\atgh4627.inf_amd64_1a9e52b1bbedf409\igd10iumd64.dll
0x00007ff9a6350000 - 0x00007ff9a6375000 	C:\WINDOWS\SYSTEM32\bcrypt.dll
0x00007ff9a6320000 - 0x00007ff9a6346000 	C:\WINDOWS\SYSTEM32\ncrypt.dll
0x00007ff9a62e0000 - 0x00007ff9a6316000 	C:\WINDOWS\SYSTEM32\NTASN1.dll
0x00007ff99a960000 - 0x00007ff99a9f8000 	C:\WINDOWS\System32\TextInputFramework.dll
0x00007ff9a9140000 - 0x00007ff9a91de000 	C:\WINDOWS\System32\clbcatq.dll
0x00007ff99a5e0000 - 0x00007ff99a7e6000 	C:\Windows\System32\uiautomationcore.dll
0x00007ff99efd0000 - 0x00007ff99f02c000 	C:\Users\alema\AppData\Local\Temp\lwjglalema\3.1.2-build-29\lwjgl_opengl.dll
0x00007ff9a6650000 - 0x00007ff9a66ea000 	C:\WINDOWS\SYSTEM32\sxs.dll
0x00007ff9945f0000 - 0x00007ff99465e000 	C:\Windows\System32\OLEACC.dll
0x00007ff9a9c50000 - 0x00007ff9a9d99000 	C:\WINDOWS\System32\ole32.dll
0x00007ff9a1710000 - 0x00007ff9a18d8000 	C:\WINDOWS\SYSTEM32\dbghelp.dll

VM Arguments:
jvm_args: -Dfile.encoding=Cp1252 
java_command: test.TestApplication
java_class_path (initial): D:\dev\eclipse\universe-core\bin;D:\dev\eclipse\universe-core\lib\lwjgl-assimp\lwjgl-assimp-javadoc.jar;D:\dev\eclipse\universe-core\lib\lwjgl-assimp\lwjgl-assimp-sources.jar;D:\dev\eclipse\universe-core\lib\lwjgl-assimp\lwjgl-assimp.jar;D:\dev\eclipse\universe-core\lib\lwjgl-assimp\native\lwjgl-assimp-natives-linux.jar;D:\dev\eclipse\universe-core\lib\lwjgl-assimp\native\lwjgl-assimp-natives-macos.jar;D:\dev\eclipse\universe-core\lib\lwjgl-assimp\native\lwjgl-assimp-natives-windows.jar;D:\dev\eclipse\universe-core\lib\lwjgl-glfw\lwjgl-glfw-javadoc.jar;D:\dev\eclipse\universe-core\lib\lwjgl-glfw\lwjgl-glfw-sources.jar;D:\dev\eclipse\universe-core\lib\lwjgl-glfw\lwjgl-glfw.jar;D:\dev\eclipse\universe-core\lib\lwjgl-glfw\native\lwjgl-glfw-natives-linux.jar;D:\dev\eclipse\universe-core\lib\lwjgl-glfw\native\lwjgl-glfw-natives-macos.jar;D:\dev\eclipse\universe-core\lib\lwjgl-glfw\native\lwjgl-glfw-natives-windows.jar;D:\dev\eclipse\universe-core\lib\lwjgl-openal\lwjgl-openal-javadoc.jar;D:\dev\eclipse\universe-core\lib\lwjgl-openal\lwjgl-openal-sources.jar;D:\dev\eclipse\universe-core\lib\lwjgl-openal\lwjgl-openal.jar;D:\dev\eclipse\universe-core\lib\lwjgl-openal\native\lwjgl-openal-natives-linux.jar;D:\dev\eclipse\universe-core\lib\lwjgl-openal\native\lwjgl-openal-natives-macos.jar;D:\dev\eclipse\universe-core\lib\lwjgl-openal\native\lwjgl-openal-natives-windows.jar;D:\dev\eclipse\universe-core\lib\lwjgl-opengl\lwjgl-opengl-javadoc.jar;D:\dev\eclipse\universe-core\lib\lwjgl-opengl\lwjgl-opengl-sources.jar;D:\dev\eclipse\universe-core\lib\lwjgl-opengl\lwjgl-opengl.jar;D:\dev\eclipse\universe-core\lib\lwjgl-opengl\native\lwjgl-opengl-natives-linux.jar;D:\dev\eclipse\universe-core\lib\lwjgl-opengl\native\lwjgl-opengl-natives-macos.jar;D:\dev\eclipse\universe-core\lib\lwjgl-opengl\native\lwjgl-opengl-natives-windows.jar;D:\dev\eclipse\universe-core\lib\lwjgl-opengles\lwjgl-opengles-javadoc.jar;D:\dev\eclipse\universe-core\lib\lwjgl-opengles\lwj
Launcher Type: SUN_STANDARD

Environment Variables:
PATH=C:/Program Files/Java/jre1.8.0_151/bin/server;C:/Program Files/Java/jre1.8.0_151/bin;C:/Program Files/Java/jre1.8.0_151/lib/amd64;C:\ProgramData\Oracle\Java\javapath;C:\WINDOWS\system32;C:\WINDOWS;C:\WINDOWS\System32\Wbem;C:\WINDOWS\System32\WindowsPowerShell\v1.0\;C:\Program Files\MATLAB\R2017a\runtime\win64;C:\Program Files\MATLAB\R2017a\bin;C:\Program Files\Git\cmd;C:\Program Files\MiKTeX 2.9\miktex\bin\x64\;C:\Users\alema\AppData\Local\Microsoft\WindowsApps;C:\Users\alema\AppData\Local\atom\bin;%USERPROFILE%\AppData\Local\Microsoft\WindowsApps;;C:\Users\alema\Desktop;
USERNAME=alema
OS=Windows_NT
PROCESSOR_IDENTIFIER=Intel64 Family 6 Model 78 Stepping 3, GenuineIntel



---------------  S Y S T E M  ---------------

OS: Windows 10.0 , 64 bit Build 16299 (10.0.16299.15)

CPU:total 4 (initial active 4) (2 cores per cpu, 2 threads per core) family 6 model 78 stepping 3, cmov, cx8, fxsr, mmx, sse, sse2, sse3, ssse3, sse4.1, sse4.2, popcnt, avx, avx2, aes, clmul, erms, 3dnowpref, lzcnt, ht, tsc, tscinvbit, bmi1, bmi2, adx

Memory: 4k page, physical 4117612k(636364k free), swap 6607980k(1685476k free)

vm_info: Java HotSpot(TM) 64-Bit Server VM (25.151-b12) for windows-amd64 JRE (1.8.0_151-b12), built on Sep  5 2017 19:33:46 by "java_re" with MS VC++ 10.0 (VS2010)

time: Fri Dec 22 13:06:48 2017
elapsed time: 1 seconds (0d 0h 0m 1s)

